<?xml version="1.0" encoding="UTF-8"?>
<document>
	<title>Some Title</title>
	<para>Some paragraph.</para>
</document>