<t:test-suite xmlns:t="http://xproc.org/ns/testsuite">
	<t:title>Required tests</t:title>
	<t:test href="add-attribute-001.xml"/>
	<t:test href="add-attribute-002.xml"/>
	<t:test href="add-xml-base-001.xml"/>
	<t:test href="add-xml-base-002.xml"/>
	<t:test href="add-xml-base-003.xml"/>
	<t:test href="add-xml-base-004.xml"/>
	<t:test href="addattribute-001.xml"/>
	<t:test href="base-uri-001.xml"/>
	<t:test href="base-uri-002.xml"/>
	<t:test href="choose-001.xml"/>
	<t:test href="choose-002.xml"/>
	<t:test href="choose-003.xml"/>
	<t:test href="compare-001.xml"/>
	<t:test href="compare-002.xml"/>
	<t:test href="compare-003.xml"/>
	<t:test href="compare-004.xml"/>
	<t:test href="compare-005.xml"/>
	<t:test href="count-001.xml"/>
	<t:test href="count-002.xml"/>
	<t:test href="data-001.xml"/>
	<t:test href="data-002.xml"/>
	<t:test href="data-003.xml"/>
	<t:test href="data-004.xml"/>
	<t:test href="declare-step-001.xml"/>
	<t:test href="declare-step-002.xml"/>
	<t:test href="declare-step-003.xml"/>
	<t:test href="declare-step-004.xml"/>
	<t:test href="declare-step-005.xml"/>
	<t:test href="declare-step-006.xml"/>
	<t:test href="declare-step-007.xml"/>
	<t:test href="declare-step-008.xml"/>
	<t:test href="delete-001.xml"/>
	<t:test href="delete-002.xml"/>
	<t:test href="delete-003.xml"/>
	<t:test href="directory-list-001.xml"/>
	<t:test href="directory-list-002.xml"/>
	<t:test href="err-c0001-001.xml"/>
	<t:test href="err-c0002-001.xml"/>
	<t:test href="err-c0003-001.xml"/>
	<t:test href="err-c0003-002.xml"/>
	<t:test href="err-c0004-001.xml"/>
	<t:test href="err-c0005-001.xml"/>
	<t:test href="err-c0005-002.xml"/>
	<t:test href="err-c0011-001.xml"/>
	<t:test href="err-c0012-001.xml"/>
	<t:test href="err-c0014-001.xml"/>
	<t:test href="err-c0014-002.xml"/>
	<t:test href="err-c0016-001.xml"/>
	<t:test href="err-c0017-001.xml"/>
	<t:test href="err-c0022-001.xml"/>
	<t:test href="err-c0023-001.xml"/>
	<t:test href="err-c0023-002.xml"/>
	<t:test href="err-c0023-003.xml"/>
	<t:test href="err-c0023-004.xml"/>
	<t:test href="err-c0023-005.xml"/>
	<t:test href="err-c0023-006.xml"/>
	<t:test href="err-c0023-007.xml"/>
	<t:test href="err-c0023-008.xml"/>
	<t:test href="err-c0023-009.xml"/>
	<t:test href="err-c0026-001.xml"/>
	<t:test href="err-c0026-002.xml"/>
	<t:test href="err-c0027-001.xml"/>
	<t:test href="err-c0028-001.xml"/>
	<t:test href="err-c0029-001.xml"/>
	<t:test href="err-c0029-002.xml"/>
	<t:test href="err-c0030-001.xml"/>
	<t:test href="err-c0039-001.xml"/>
	<t:test href="err-c0040-001.xml"/>
	<t:test href="err-c0050-001.xml"/>
	<t:test href="err-c0052-001.xml"/>
	<t:test href="err-c0056-001.xml"/>
	<t:test href="err-c0056-002.xml"/>
	<t:test href="err-c0058-001.xml"/>
	<t:test href="err-c0059-001.xml"/>
	<t:test href="err-c0059-002.xml"/>
	<t:test href="err-d0001-001.xml"/>
	<t:test href="err-d0003-001.xml"/>
	<t:test href="err-d0004-001.xml"/>
	<t:test href="err-d0005-001.xml"/>
	<t:test href="err-d0006-001.xml"/>
	<t:test href="err-d0007-001.xml"/>
	<t:test href="err-d0008-001.xml"/>
	<t:test href="err-d0009-001.xml"/>
	<t:test href="err-d0009-002.xml"/>
	<t:test href="err-d0010-001.xml"/>
	<t:test href="err-d0011-001.xml"/>
	<t:test href="err-d0012-001.xml"/>
	<t:test href="err-d0012-002.xml"/>
	<t:test href="err-d0012-003.xml"/>
	<t:test href="err-d0013-001.xml"/>
	<t:test href="err-d0013-002.xml"/>
	<t:test href="err-d0014-001.xml"/>
	<t:test href="err-d0014-002.xml"/>
	<t:test href="err-d0015-001.xml"/>
	<t:test href="err-d0016-001.xml"/>
	<t:test href="err-d0016-002.xml"/>
	<t:test href="err-d0019-001.xml"/>
	<t:test href="err-d0023-001.xml"/>
	<t:test href="err-d0023-002.xml"/>
	<t:test href="err-d0023-003.xml"/>
	<t:test href="err-d0023-004.xml"/>
	<t:test href="err-d0023-005.xml"/>
	<t:test href="err-d0023-006.xml"/>
	<t:test href="err-d0023-007.xml"/>
	<t:test href="err-d0025-001.xml"/>
	<t:test href="err-d0026-001.xml"/>
	<t:test href="err-d0029-001.xml"/>
	<t:test href="err-d0029-002.xml"/>
	<t:test href="err-primary-001.xml"/>
	<t:test href="err-s0001-001.xml"/>
	<t:test href="err-s0001-002.xml"/>
	<t:test href="err-s0001-003.xml"/>
	<t:test href="err-s0001-004.xml"/>
	<t:test href="err-s0001-005.xml"/>
	<t:test href="err-s0001-006.xml"/>
	<t:test href="err-s0001-007.xml"/>
	<t:test href="err-s0001-008.xml"/>
	<t:test href="err-s0001-009.xml"/>
	<t:test href="err-s0001-010.xml"/>
	<t:test href="err-s0001-011.xml"/>
	<t:test href="err-s0002-001.xml"/>
	<t:test href="err-s0002-002.xml"/>
	<t:test href="err-s0004-001.xml"/>
	<t:test href="err-s0004-002.xml"/>
	<t:test href="err-s0006-001.xml"/>
	<t:test href="err-s0007-001.xml"/>
	<t:test href="err-s0007-002.xml"/>
	<t:test href="err-s0007-003.xml"/>
	<t:test href="err-s0007-004.xml"/>
	<t:test href="err-s0008-001.xml"/>
	<t:test href="err-s0010-001.xml"/>
	<t:test href="err-s0010-002.xml"/>
	<t:test href="err-s0011-001.xml"/>
	<t:test href="err-s0011-002.xml"/>
	<t:test href="err-s0014-001.xml"/>
	<t:test href="err-s0015-001.xml"/>
	<t:test href="err-s0017-001.xml"/>
	<t:test href="err-s0018-001.xml"/>
	<t:test href="err-s0018-002.xml"/>
	<t:test href="err-s0018-003.xml"/>
	<t:test href="err-s0022-001.xml"/>
	<t:test href="err-s0022-002.xml"/>
	<t:test href="err-s0022-003.xml"/>
	<t:test href="err-s0022-004.xml"/>
	<t:test href="err-s0024-001.xml"/>
	<t:test href="err-s0026-001.xml"/>
	<t:test href="err-s0026-002.xml"/>
	<t:test href="err-s0027-001.xml"/>
	<t:test href="err-s0029-001.xml"/>
	<t:test href="err-s0030-001.xml"/>
	<t:test href="err-s0032-001.xml"/>
	<t:test href="err-s0032-002.xml"/>
	<t:test href="err-s0036-001.xml"/>
	<t:test href="err-s0038-001.xml"/>
	<t:test href="err-s0038-002.xml"/>
	<t:test href="err-s0041-001.xml"/>
	<t:test href="err-s0042-001.xml"/>
	<t:test href="err-s0044-001.xml"/>
	<t:test href="err-s0044-002.xml"/>
	<t:test href="err-s0044-003.xml"/>
	<t:test href="err-s0050-001.xml"/>
	<t:test href="err-s0051-001.xml"/>
	<t:test href="err-s0051-002.xml"/>
	<t:test href="err-s0052-001.xml"/>
	<t:test href="err-s0052-002.xml"/>
	<t:test href="err-s0053-001.xml"/>
	<t:test href="err-s0055-001.xml"/>
	<t:test href="err-s0057-001.xml"/>
	<t:test href="err-s0057-002.xml"/>
	<t:test href="err-s0058-001.xml"/>
	<t:test href="error-001.xml"/>
	<t:test href="escape-markup-001.xml"/>
	<t:test href="evaluation-order-001.xml"/>
	<t:test href="evaluation-order-002.xml"/>
	<t:test href="evaluation-order-003.xml"/>
	<t:test href="exclude-inline-prefixes-001.xml"/>
	<t:test href="exclude-inline-prefixes-002.xml"/>
	<t:test href="exclude-inline-prefixes-003.xml"/>
	<t:test href="exclude-inline-prefixes-004.xml"/>
	<t:test href="exclude-inline-prefixes-005.xml"/>
	<t:test href="exclude-inline-prefixes-006.xml"/>
	<t:test href="exclude-inline-prefixes-007.xml"/>
	<t:test href="fibonacci.xml"/>
	<t:test href="filter-001.xml"/>
	<t:test href="filter-002.xml"/>
	<t:test href="for-each-001.xml"/>
	<t:test href="for-each-002.xml"/>
	<t:test href="for-each-003.xml"/>
	<t:test href="for-each-004.xml"/>
	<t:test href="group-001.xml"/>
	<t:test href="http-request-001.xml"/>
	<t:test href="http-request-002.xml"/>
	<t:test href="http-request-003.xml"/>
	<t:test href="http-request-004.xml"/>
	<t:test href="http-request-005.xml"/>
	<t:test href="http-request-006.xml"/>
	<t:test href="http-request-007.xml"/>
	<t:test href="http-request-008.xml"/>
	<t:test href="http-request-009.xml"/>
	<t:test href="http-request-010.xml"/>
	<t:test href="http-request-011.xml"/>
	<t:test href="http-request-012.xml"/>
	<t:test href="identity-001.xml"/>
	<t:test href="identity-002.xml"/>
	<t:test href="identity-003.xml"/>
	<t:test href="identity-004.xml"/>
	<t:test href="identity-005.xml"/>
	<t:test href="import-001.xml"/>
	<t:test href="import-002.xml"/>
	<t:test href="import-003.xml"/>
	<t:test href="input-001.xml"/>
	<t:test href="input-002.xml"/>
	<t:test href="input-003.xml"/>
	<t:test href="input-004.xml"/>
	<t:test href="input-005.xml"/>
	<t:test href="insert-001.xml"/>
	<t:test href="insert-002.xml"/>
	<t:test href="insert-003.xml"/>
	<t:test href="insert-004.xml"/>
	<t:test href="insert-005.xml"/>
	<t:test href="insert-006.xml"/>
	<t:test href="iteration-001.xml"/>
	<t:test href="iteration-002.xml"/>
	<t:test href="labelelements-001.xml"/>
	<t:test href="labelelements-002.xml"/>
	<t:test href="labelelements-003.xml"/>
	<t:test href="load-001.xml"/>
	<t:test href="make-absolute-uris-001.xml"/>
	<t:test href="make-absolute-uris-002.xml"/>
	<t:test href="make-absolute-uris-003.xml"/>
	<t:test href="make-sequence.xml"/>
	<t:test href="namespace-rename-001.xml"/>
	<t:test href="namespace-rename-002.xml"/>
	<t:test href="namespace-rename-003.xml"/>
	<t:test href="namespace-rename-004.xml"/>
	<t:test href="namespace-rename-005.xml"/>
	<t:test href="namespace-rename-006.xml"/>
	<t:test href="namespace-rename-007.xml"/>
	<t:test href="namespace-rename-008.xml"/>
	<t:test href="namespace-rename-009.xml"/>
	<t:test href="namespace-rename-010.xml"/>
	<t:test href="namespace-rename-011.xml"/>
	<t:test href="namespace-rename-012.xml"/>
	<t:test href="namespaces-001.xml"/>
	<t:test href="namespaces-002.xml"/>
	<t:test href="namespaces-003.xml"/>
	<t:test href="namespaces-004.xml"/>
	<t:test href="option-001.xml"/>
	<t:test href="option-002.xml"/>
	<t:test href="option-004.xml"/>
	<t:test href="output-001.xml"/>
	<t:test href="output-002.xml"/>
	<t:test href="pack-001.xml"/>
	<t:test href="pack-002.xml"/>
	<t:test href="pack-003.xml"/>
	<t:test href="pack-004.xml"/>
	<t:test href="param-001.xml"/>
	<t:test href="parameters-001.xml"/>
	<t:test href="pipe-001.xml"/>
	<t:test href="preserve-base-uri-001.xml"/>
	<t:test href="preserve-base-uri-002.xml"/>
	<t:test href="rename-001.xml"/>
	<t:test href="rename-002.xml"/>
	<t:test href="rename-003.xml"/>
	<t:test href="replace-001.xml"/>
	<t:test href="resolve-uri-001.xml"/>
	<t:test href="resolve-uri-002.xml"/>
	<t:test href="set-attributes-001.xml"/>
	<t:test href="sink-001.xml"/>
	<t:test href="split-sequence-001.xml"/>
	<t:test href="split-sequence-002.xml"/>
	<t:test href="split-sequence-003.xml"/>
	<t:test href="split-sequence-004.xml"/>
	<t:test href="split-sequence-005.xml"/>
	<t:test href="split-sequence-006.xml"/>
	<t:test href="step-available-001.xml"/>
	<t:test href="step-available-002.xml"/>
	<t:test href="step-available-003.xml"/>
	<t:test href="step-available-004.xml"/>
	<t:test href="step-available-005.xml"/>
	<t:test href="store-001.xml"/>
	<t:test href="string-replace-001.xml"/>
	<t:test href="string-replace-002.xml"/>
	<t:test href="string-replace-003.xml"/>
	<t:test href="string-replace-004.xml"/>
	<t:test href="system-property-001.xml"/>
	<t:test href="system-property-002.xml"/>
	<t:test href="try-001.xml"/>
	<t:test href="try-002.xml"/>
	<t:test href="try-003.xml"/>
	<t:test href="unescapemarkup-001.xml"/>
	<t:test href="unescapemarkup-002.xml"/>
	<t:test href="unescapemarkup-003.xml"/>
	<t:test href="unescapemarkup-004.xml"/>
	<t:test href="unescapemarkup-005.xml"/>
	<t:test href="unescapemarkup-006.xml"/>
	<t:test href="unescapemarkup-007.xml"/>
	<t:test href="unwrap-001.xml"/>
	<t:test href="variable-001.xml"/>
	<t:test href="variable-002.xml"/>
	<t:test href="variable-003.xml"/>
	<t:test href="variable-004.xml"/>
	<t:test href="viewport-001.xml"/>
	<t:test href="viewport-002.xml"/>
	<t:test href="viewport-003.xml"/>
	<t:test href="viewport-004.xml"/>
	<t:test href="viewport-005.xml"/>
	<t:test href="wrap-001.xml"/>
	<t:test href="wrap-002.xml"/>
	<t:test href="wrap-003.xml"/>
	<t:test href="wrap-004.xml"/>
	<t:test href="wrap-005.xml"/>
	<t:test href="wrap-sequence-001.xml"/>
	<t:test href="wrap-sequence-002.xml"/>
	<t:test href="xinclude-001.xml"/>
	<t:test href="xinclude-002.xml"/>
	<t:test href="xinclude-003.xml"/>
	<t:test href="xslt-001.xml"/>
	<t:test href="xslt-002.xml"/>
	<t:test href="xslt-003.xml"/>
	<t:test href="xslt-004.xml"/>
	<t:test href="xslt-005.xml"/>
</t:test-suite>
