<t:test-suite xmlns:t='http://xproc.org/ns/testsuite'>
<t:title>All tests</t:title>
<t:test href='required/unescapemarkup-001.xml'/>
<t:test href='required/compare-001.xml'/>
<t:test href='required/compare-002.xml'/>
<t:test href='required/compare-003.xml'/>
<t:test href='required/count-001.xml'/>
<t:test href='required/compare-004.xml'/>
<t:test href='required/err-s0002-001.xml'/>
<t:test href='required/xslt-001.xml'/>
<t:test href='required/err-s0002-002.xml'/>
<t:test href='required/param-001.xml'/>
<t:test href='required/split-sequence-001.xml'/>
<t:test href='required/rename-002.xml'/>
<t:test href='required/split-sequence-002.xml'/>
<t:test href='required/split-sequence-003.xml'/>
<t:test href='required/split-sequence-004.xml'/>
<t:test href='required/insert-001.xml'/>
<t:test href='required/rename-001.xml'/>
<t:test href='required/xinclude-001.xml'/>
<t:test href='required/replace-001.xml'/>
<t:test href='required/err-d0011-001.xml'/>
<t:test href='required/addattribute-001.xml'/>
<t:test href='required/choose-001.xml'/>
<t:test href='required/make-absolute-uris-001.xml'/>
<t:test href='required/identity-001.xml'/>
<t:test href='required/store-001.xml'/>
<t:test href='required/add-xml-base-001.xml'/>
<t:test href='required/add-xml-base-002.xml'/>
<t:test href='required/add-xml-base-003.xml'/>
<t:test href='required/delete-001.xml'/>
<t:test href='required/wrap-001.xml'/>
<t:test href='required/unwrap-001.xml'/>
<t:test href='required/labelelements-001.xml'/>
<t:test href='required/load-001.xml'/>
<t:test href='required/error-001.xml'/>
<t:test href='required/parameters-001.xml'/>
<t:test href='required/namespaces-001.xml'/>
<t:test href='required/namespaces-002.xml'/>
<t:test href='required/namespaces-003.xml'/>
<t:test href='required/escape-markup-001.xml'/>
<t:test href='required/insert-002.xml'/>
<t:test href='required/insert-003.xml'/>
<t:test href='required/insert-004.xml'/>
<t:test href='required/make-absolute-uris-002.xml'/>
<t:test href='required/namespace-rename-001.xml'/>
<t:test href='required/pack-001.xml'/>
<t:test href='required/set-attributes-001.xml'/>
<t:test href='required/http-request-010.xml'/>
<t:test href='required/http-request-001.xml'/>
<t:test href='required/http-request-002.xml'/>
<t:test href='required/http-request-003.xml'/>
<t:test href='required/http-request-004.xml'/>
<t:test href='required/http-request-005.xml'/>
<t:test href='required/http-request-006.xml'/>
<t:test href='required/http-request-007.xml'/>
<t:test href='required/http-request-008.xml'/>
<t:test href='required/http-request-009.xml'/>
<t:test href='required/try-001.xml'/>
<t:test href='required/try-002.xml'/>
<t:test href='required/choose-002.xml'/>
<t:test href='required/compare-005.xml'/>
<t:test href='required/err-s0044-001.xml'/>
<t:test href='required/err-s0014-001.xml'/>
<t:test href='required/err-s0030-001.xml'/>
<t:test href='required/err-d0009-001.xml'/>
<t:test href='required/err-primary-001.xml'/>
<t:test href='required/xslt-002.xml'/>
<t:test href='required/xslt-003.xml'/>
<t:test href='required/xslt-004.xml'/>
<t:test href='required/err-d0009-002.xml'/>
<t:test href='required/err-d0012-001.xml'/>
<t:test href='required/unescapemarkup-002.xml'/>
<t:test href='required/wrap-002.xml'/>
<t:test href='required/split-sequence-005.xml'/>
<t:test href='required/count-002.xml'/>
<t:test href='required/delete-002.xml'/>
<t:test href='required/split-sequence-006.xml'/>
<t:test href='required/try-003.xml'/>
<t:test href='required/wrap-003.xml'/>
<t:test href='required/wrap-sequence-001.xml'/>
<t:test href='required/wrap-sequence-002.xml'/>
<t:test href='required/err-s0007-001.xml'/>
<t:test href='required/err-d0004-001.xml'/>
<t:test href='required/directory-list-001.xml'/>
<t:test href='required/filter-001.xml'/>
<t:test href='required/err-s0001-001.xml'/>
<t:test href='required/err-s0022-002.xml'/>
<t:test href='required/err-s0022-003.xml'/>
<t:test href='required/err-s0004-001.xml'/>
<t:test href='required/err-s0004-002.xml'/>
<t:test href='required/err-s0027-001.xml'/>
<t:test href='required/err-d0005-001.xml'/>
<t:test href='required/unescapemarkup-003.xml'/>
<t:test href='required/choose-003.xml'/>
<t:test href='required/for-each-001.xml'/>
<t:test href='required/make-sequence.xml'/>
<t:test href='required/unescapemarkup-004.xml'/>
<t:test href='required/fibonacci.xml'/>
<t:test href='required/insert-005.xml'/>
<t:test href='required/insert-006.xml'/>
<t:test href='required/viewport-001.xml'/>
<t:test href='required/viewport-002.xml'/>
<t:test href='required/viewport-003.xml'/>
<t:test href='required/viewport-004.xml'/>
<t:test href='required/viewport-005.xml'/>
<t:test href='required/for-each-002.xml'/>
<t:test href='required/for-each-003.xml'/>
<t:test href='required/for-each-004.xml'/>
<t:test href='required/err-d0003-001.xml'/>
<t:test href='required/err-d0006-001.xml'/>
<t:test href='required/err-d0007-001.xml'/>
<t:test href='required/err-d0012-002.xml'/>
<t:test href='required/err-c0012-001.xml'/>
<t:test href='required/err-c0017-001.xml'/>
<t:test href='required/directory-list-002.xml'/>
<t:test href='required/err-s0044-002.xml'/>
<t:test href='required/system-property-001.xml'/>
<t:test href='required/err-s0052-001.xml'/>
<t:test href='required/err-s0053-001.xml'/>
<t:test href='required/import-002.xml'/>
<t:test href='required/err-s0052-002.xml'/>
<t:test href='required/import-001.xml'/>
<t:test href='required/err-s0042-001.xml'/>
<t:test href='required/err-s0044-003.xml'/>
<t:test href='required/err-s0011-002.xml'/>
<t:test href='required/err-s0055-001.xml'/>
<t:test href='required/declare-step-001.xml'/>
<t:test href='required/err-s0011-001.xml'/>
<t:test href='required/err-s0029-001.xml'/>
<t:test href='required/err-s0050-001.xml'/>
<t:test href='required/import-003.xml'/>
<t:test href='required/err-s0022-001.xml'/>
<t:test href='required/pipe-001.xml'/>
<t:test href='required/output-002.xml'/>
<t:test href='required/err-s0026-002.xml'/>
<t:test href='required/data-002.xml'/>
<t:test href='required/data-004.xml'/>
<t:test href='required/err-s0026-001.xml'/>
<t:test href='required/data-001.xml'/>
<t:test href='required/data-003.xml'/>
<t:test href='required/err-s0057-001.xml'/>
<t:test href='required/add-attribute-002.xml'/>
<t:test href='required/err-c0014-002.xml'/>
<t:test href='required/err-c0059-001.xml'/>
<t:test href='required/namespace-rename-003.xml'/>
<t:test href='required/namespace-rename-005.xml'/>
<t:test href='required/namespace-rename-007.xml'/>
<t:test href='required/namespace-rename-009.xml'/>
<t:test href='required/labelelements-002.xml'/>
<t:test href='required/namespace-rename-010.xml'/>
<t:test href='required/add-attribute-001.xml'/>
<t:test href='required/make-absolute-uris-003.xml'/>
<t:test href='required/err-c0014-001.xml'/>
<t:test href='required/err-c0059-002.xml'/>
<t:test href='required/namespace-rename-002.xml'/>
<t:test href='required/namespace-rename-004.xml'/>
<t:test href='required/namespace-rename-006.xml'/>
<t:test href='required/namespace-rename-008.xml'/>
<t:test href='required/group-001.xml'/>
<t:test href='required/namespace-rename-011.xml'/>
<t:test href='required/err-s0032-001.xml'/>
<t:test href='required/add-xml-base-004.xml'/>
<t:test href='required/pack-003.xml'/>
<t:test href='required/pack-002.xml'/>
<t:test href='required/pack-004.xml'/>
<t:test href='required/sink-001.xml'/>
<t:test href='required/err-s0015-001.xml'/>
<t:test href='required/err-s0041-001.xml'/>
<t:test href='required/err-d0013-001.xml'/>
<t:test href='required/namespaces-004.xml'/>
<t:test href='required/err-s0051-001.xml'/>
<t:test href='required/err-s0051-002.xml'/>
<t:test href='required/err-d0013-002.xml'/>
<t:test href='required/err-d0029-001.xml'/>
<t:test href='required/err-c0003-001.xml'/>
<t:test href='required/err-d0029-002.xml'/>
<t:test href='required/err-c0003-002.xml'/>
<t:test href='required/err-d0014-001.xml'/>
<t:test href='required/err-c0023-002.xml'/>
<t:test href='required/err-c0023-004.xml'/>
<t:test href='required/err-d0025-001.xml'/>
<t:test href='required/err-c0023-006.xml'/>
<t:test href='required/err-c0023-008.xml'/>
<t:test href='required/err-d0014-002.xml'/>
<t:test href='required/err-c0023-001.xml'/>
<t:test href='required/err-c0023-003.xml'/>
<t:test href='required/err-c0023-005.xml'/>
<t:test href='required/err-c0023-007.xml'/>
<t:test href='required/err-c0023-009.xml'/>
<t:test href='required/err-s0024-001.xml'/>
<t:test href='required/namespace-rename-012.xml'/>
<t:test href='required/base-uri-001.xml'/>
<t:test href='required/resolve-uri-001.xml'/>
<t:test href='required/iteration-001.xml'/>
<t:test href='required/base-uri-002.xml'/>
<t:test href='required/resolve-uri-002.xml'/>
<t:test href='required/iteration-002.xml'/>
<t:test href='required/step-available-002.xml'/>
<t:test href='required/wrap-004.xml'/>
<t:test href='required/step-available-001.xml'/>
<t:test href='required/step-available-003.xml'/>
<t:test href='required/preserve-base-uri-001.xml'/>
<t:test href='required/wrap-005.xml'/>
<t:test href='required/http-request-011.xml'/>
<t:test href='required/err-s0058-001.xml'/>
<t:test href='required/exclude-inline-prefixes-002.xml'/>
<t:test href='required/exclude-inline-prefixes-004.xml'/>
<t:test href='required/exclude-inline-prefixes-001.xml'/>
<t:test href='required/exclude-inline-prefixes-003.xml'/>
<t:test href='required/exclude-inline-prefixes-005.xml'/>
<t:test href='required/err-d0016-001.xml'/>
<t:test href='required/err-d0016-002.xml'/>
<t:test href='required/err-d0023-001.xml'/>
<t:test href='required/err-d0023-003.xml'/>
<t:test href='required/err-d0023-005.xml'/>
<t:test href='required/err-d0023-002.xml'/>
<t:test href='required/err-d0023-004.xml'/>
<t:test href='required/output-001.xml'/>
<t:test href='required/err-d0012-003.xml'/>
<t:test href='required/err-c0052-001.xml'/>
<t:test href='required/err-c0002-001.xml'/>
<t:test href='required/err-c0004-001.xml'/>
<t:test href='required/err-c0005-001.xml'/>
<t:test href='required/err-c0022-001.xml'/>
<t:test href='required/err-c0028-001.xml'/>
<t:test href='required/err-c0030-001.xml'/>
<t:test href='required/err-c0005-002.xml'/>
<t:test href='required/string-replace-001.xml'/>
<t:test href='required/string-replace-003.xml'/>
<t:test href='required/string-replace-002.xml'/>
<t:test href='required/string-replace-004.xml'/>
<t:test href='required/xinclude-002.xml'/>
<t:test href='required/err-c0029-002.xml'/>
<t:test href='required/xinclude-003.xml'/>
<t:test href='required/err-c0029-001.xml'/>
<t:test href='required/http-request-012.xml'/>
<t:test href='required/err-c0040-001.xml'/>
<t:test href='required/exclude-inline-prefixes-006.xml'/>
<t:test href='required/declare-step-002.xml'/>
<t:test href='required/declare-step-004.xml'/>
<t:test href='required/declare-step-003.xml'/>
<t:test href='required/err-s0036-001.xml'/>
<t:test href='required/declare-step-005.xml'/>
<t:test href='required/identity-002.xml'/>
<t:test href='required/identity-003.xml'/>
<t:test href='required/identity-004.xml'/>
<t:test href='required/identity-005.xml'/>
<t:test href='required/err-s0010-002.xml'/>
<t:test href='required/err-s0008-001.xml'/>
<t:test href='required/err-s0010-001.xml'/>
<t:test href='required/err-s0018-001.xml'/>
<t:test href='required/filter-002.xml'/>
<t:test href='required/input-001.xml'/>
<t:test href='required/input-002.xml'/>
<t:test href='required/input-003.xml'/>
<t:test href='required/exclude-inline-prefixes-007.xml'/>
<t:test href='required/input-004.xml'/>
<t:test href='required/input-005.xml'/>
<t:test href='required/err-s0006-001.xml'/>
<t:test href='required/err-s0017-001.xml'/>
<t:test href='required/err-s0001-006.xml'/>
<t:test href='required/delete-003.xml'/>
<t:test href='required/xslt-005.xml'/>
<t:test href='required/err-c0016-001.xml'/>
<t:test href='required/err-c0026-001.xml'/>
<t:test href='required/err-c0026-002.xml'/>
<t:test href='required/err-d0001-001.xml'/>
<t:test href='required/system-property-002.xml'/>
<t:test href='required/err-d0015-001.xml'/>
<t:test href='required/err-c0001-001.xml'/>
<t:test href='required/err-c0011-001.xml'/>
<t:test href='required/err-c0027-001.xml'/>
<t:test href='required/err-s0001-011.xml'/>
<t:test href='required/err-s0001-007.xml'/>
<t:test href='required/err-s0001-008.xml'/>
<t:test href='required/err-c0050-001.xml'/>
<t:test href='required/err-c0056-001.xml'/>
<t:test href='required/err-c0056-002.xml'/>
<t:test href='required/err-c0039-001.xml'/>
<t:test href='required/err-c0058-001.xml'/>
<t:test href='required/err-d0008-001.xml'/>
<t:test href='required/err-d0010-001.xml'/>
<t:test href='required/err-d0019-001.xml'/>
<t:test href='required/evaluation-order-001.xml'/>
<t:test href='required/declare-step-006.xml'/>
<t:test href='required/option-002.xml'/>
<t:test href='required/err-s0018-002.xml'/>
<t:test href='required/err-d0023-007.xml'/>
<t:test href='required/variable-001.xml'/>
<t:test href='required/err-s0032-002.xml'/>
<t:test href='required/rename-003.xml'/>
<t:test href='required/variable-002.xml'/>
<t:test href='required/option-004.xml'/>
<t:test href='required/variable-003.xml'/>
<t:test href='required/option-001.xml'/>
<t:test href='required/err-d0023-006.xml'/>
<t:test href='required/variable-004.xml'/>
<t:test href='required/unescapemarkup-006.xml'/>
<t:test href='required/unescapemarkup-007.xml'/>
<t:test href='required/unescapemarkup-005.xml'/>
<t:test href='required/step-available-004.xml'/>
<t:test href='required/declare-step-007.xml'/>
<t:test href='required/step-available-005.xml'/>
<t:test href='required/err-s0007-002.xml'/>
<t:test href='required/err-s0007-003.xml'/>
<t:test href='required/err-s0018-003.xml'/>
<t:test href='required/err-s0007-004.xml'/>
<t:test href='required/err-s0001-002.xml'/>
<t:test href='required/err-s0022-004.xml'/>
<t:test href='required/err-s0001-003.xml'/>
<t:test href='required/err-s0001-004.xml'/>
<t:test href='required/err-d0026-001.xml'/>
<t:test href='required/preserve-base-uri-002.xml'/>
<t:test href='required/err-s0038-002.xml'/>
<t:test href='required/labelelements-003.xml'/>
<t:test href='required/err-s0038-001.xml'/>
<t:test href='required/declare-step-008.xml'/>
<t:test href='required/err-s0057-002.xml'/>
<t:test href='required/err-s0001-005.xml'/>
<t:test href='required/err-s0001-009.xml'/>
<t:test href='required/err-s0001-010.xml'/>
<t:test href='required/evaluation-order-002.xml'/>
<t:test href='required/evaluation-order-003.xml'/>
<t:test href='optional/validrng-001.xml'/>
<t:test href='optional/validxsd-001.xml'/>
<t:test href='optional/validxsd-002.xml'/>
<t:test href='optional/validxsd-003.xml'/>
<t:test href='optional/validxsd-005.xml'/>
<t:test href='optional/validxsd-004.xml'/>
<!--<t:test href='optional/xslt2-001.xml'/>-->
<!--<t:test href='optional/xslt2-002.xml'/>-->
<t:test href='optional/exec-001.xml'/>
<t:test href='optional/xquery-001.xml'/>
<t:test href='optional/xsl-formatter-001.xml'/>
<t:test href='optional/validsch-001.xml'/>
<t:test href='optional/validsch-002.xml'/>
<t:test href='optional/validxsd-006.xml'/>
<t:test href='optional/validrng-002.xml'/>
<t:test href='optional/hash-001.xml'/>
<t:test href='optional/hash-002.xml'/>
<t:test href='optional/hash-003.xml'/>
<t:test href='optional/www-form-urldecode-001.xml'/>
<t:test href='optional/www-form-urlencode-001.xml'/>
<t:test href='optional/uuid-001.xml'/>
<t:test href='optional/psvi-required-001.xml'/>
<!--<t:test href='optional/xslt2-003.xml'/>-->
<t:test href='optional/hash-004.xml'/>
<t:test href='optional/hash-005.xml'/>
<t:test href='optional/hash-006.xml'/>
<t:test href='optional/err-c0036-001.xml'/>
<t:test href='optional/err-c0036-002.xml'/>
<t:test href='optional/err-c0036-003.xml'/>
<t:test href='optional/err-c0036-004.xml'/>
<t:test href='optional/err-c0036-005.xml'/>
<t:test href='optional/err-c0060-001.xml'/>
<t:test href='optional/err-c0057-001.xml'/>
<t:test href='optional/err-c0037-001.xml'/>
<t:test href='optional/err-c0037-002.xml'/>
<t:test href='optional/err-c0037-003.xml'/>
<t:test href='optional/xquery-002.xml'/>
<t:test href='optional/err-c0033-001.xml'/>
<t:test href='optional/err-c0033-002.xml'/>
<t:test href='optional/err-c0035-001.xml'/>
<t:test href='optional/validxsd-007.xml'/>
<t:test href='optional/err-c0053-001.xml'/>
<t:test href='optional/err-c0061-001.xml'/>
<t:test href='optional/xquery-003.xml'/>
<t:test href='optional/xquery-004.xml'/>
<t:test href='optional/xquery-005.xml'/>
<t:test href='optional/err-c0053-002.xml'/>
<t:test href='optional/err-c0054-001.xml'/>
<t:test href='optional/validsch-003.xml'/>
<t:test href='optional/validrng-003.xml'/>
<t:test href='optional/validrng-004.xml'/>
<t:test href='optional/validrng-005.xml'/>
<t:test href='optional/exec-002.xml'/>
<t:test href='optional/exec-003.xml'/>
<t:test href='optional/exec-004.xml'/>
<t:test href='optional/exec-005.xml'/>
<t:test href='optional/exec-006.xml'/>
<t:test href='optional/exec-007.xml'/>
<t:test href='optional/exec-008.xml'/>
<t:test href='optional/exec-009.xml'/>
<t:test href='optional/err-c0034-001.xml'/>
<t:test href='optional/err-c0035-002.xml'/>
<t:test href='extension/unimpl-001.xml'/>
</t:test-suite>
